# Registro de Cambios - Web Pablo Matias Lescano

## [2026-02-02 15:32] - AWS Lambda Contact Form Integration
- **Contact System Backend**:
  - Implementación de `ContactService` para comunicación con AWS API Gateway (`execute-api.us-east-1`).
  - Lógica de manejo de estados de carga (`isLoading` Signal) y finalización con RxJS `finalize`.
- **Contact Widget UI Updates**:
  - Conexión del formulario reactivo con el servicio real.
  - Implementación de feedback visual:
    - **Loading**: Deshabilitación de controles y Spinner de carga en el botón.
    - **Success**: Reemplazo del formulario con mensaje de confirmación animado (`fade-in slide-in`).
    - **Error**: Alerta visual contextual para reintentar.

## [2026-02-02 15:07] - Contact Widget Implementation
- **Shared Component**:
  - Creación de `ContactButtonComponent` (FAB) fijo en esquina inferior derecha.
  - Implementación de **Interactive Contact Modal** con Glassmorphism (`backdrop-blur-xl`, `bg-slate-900/95`).
  - Lógica reactiva con **Angular Signals** (`isOpen`, `isHovered`) para transiciones fluidas.
  - Formulario de contacto integrado con `ReactiveFormsModule` y validaciones.
  - Accesos directos a LinkedIn y WhatsApp con estilo consistente (Dark Mode/Premium).
  - Efectos visuales de "Pulse" para notificaciones y animaciones de rotación en ícono.
- **Layout Integration**:
  - Inyección global en `MainLayoutComponent` (`z-50` layer) para disponibilidad en toda la app.

## [2026-02-02 14:13] - Fix Critical CV Download Path
- **Assets Serving Fix**:
  - Cambio de ruta relativa (`docs/cv...`) a ruta absoluta (`/docs/cv...`) en `ProfileComponent`.
  - Solución al bug "Archivo Corrupto" causado por el enrutador de Angular resolviendo assets estáticos relativos contra sub-rutas dinámicas (evitando el fallback a `index.html`).
  - Eliminación de parámetro `timestamp` query string para asegurar compatibilidad total con servidores estáticos.

## [2026-01-31] - Premium Footer & Dynamic Architecture System
- **Footer "Command Center" UI**:
  - Rediseño completo a layout horizontal de eje único con padding extendido (`py-10`).
  - Implementación de **Interactive Status Pills** con animaciones de pulso y Glassmorphism.
  - Alineación simétrica de Badges Técnicos, Copyright y LinkedIn.
- **Dynamic Architecture Modal (Refactor)**:
  - Transformación de `ArchitectureModalComponent` a componente "stateless" (Presentational).
  - Implementación de **Angular Signals** para inyección dinámica de contenido (`FooterDetail`).
  - Lógica de diccionario de datos separada para AWS (Infra), Security (Hardening) y Mozilla (Performance).
- **Technical Badges**:
  - **Infra**: Detalle sobre Serverless y CloudFront.
  - **Security**: Visualización de Grade A+ y Headers.
  - **Mozilla**: Métricas de optimización SPA y Web Vitals.
- **ID Commit**: `57e0677`

## [2026-01-29] - Visual Polish & Tailwind Integration
- **Shared Component**:
  - Implementación de `ArchitectureModalComponent` para validación de seniority técnica.
  - Contenido: Networking & Edge (CloudFront), Security Hardening (CSP, HSTS) y FinOps.
  - Diseño visual "Dark/Premium" con Backdrop Blur.
- **Footer**:
  - Interacción agregada al badge de seguridad para desplegar el modal.
  - ID Commit: `5ccbfca`

## [2026-01-31] - Security Infrastructure Badge
- **Footer**:
  - Implementación de Badge de Seguridad/Infraestructura (AWS Serverless, SecurityHeaders A).
  - Integración dinámica de textos (i18n) mediante `ProfileStore`.
  - ID Commit: `bc341df`

## [2026-01-29] - Visual Polish & Tailwind Integration
- **Framework & Styles**:
  - Instalación y configuración de **Tailwind CSS v3** (Stable).
  - Migración de estilos globales e inyección de directivas en `styles.scss`.
- **Layout Repair (Desktop)**:
  - Implementación de contenedores `max-w-7xl mx-auto` en Header y Profile para alinear el contenido centralmente.
  - Fix de márgenes laterales (`px-6`) y altura consistente (`h-20`) en el Header.
  - Sincronización visual entre el Header Sticky y el Hero Section.

## [2026-01-29] - Responsive Header & UX Refactor
- **HeaderComponent**:
  - Migración completa de estilos personalizados a Tailwind CSS.
  - Implementación de layout responsivo: `flex-col` en mobile y `flex-row` en desktop.
  - Optimización de espacio en mobile mediante reducción dinámica de texto en el botón de modo de vista.
  - Mejora de legibilidad con `backdrop-blur` y fondos semi-transparentes para el estado sticky.
  - Ajuste de espaciado dinámico entre selectores de idioma y botones de acción.

## [2026-01-29] - Analytics CI/CD Preparation
- **Environment Configuration**:
  - Reemplazo de 'G-MEASUREMENT-ID' por 'GA_ID_PLACEHOLDER' en `environment.prod.ts`.
  - Preparación del código para inyección dinámica de secretos en el pipeline de AWS.

## [2026-01-29] - Initial Git Push
- **Project Structure**:
  - Inicialización del repositorio Git.
  - Configuración de remotos y ramas (`main`, `develop`).
  - Primer push a GitHub.

## [2026-01-28] - Dynamic Content Injection
- **ProfileMapper**:
  - Implementación de lógica de reemplazo de placeholders en tiempo de ejecución.
  - Inyección dinámica de `totalExperienceYears` en el resumen profesional (`{{years}}`), asegurando consistencia entre el Hero y los datos calculados.
- **Limpieza de Deuda Técnica**:
  - Eliminación de llamadas manuales a `AnalyticsService` en `HeaderComponent` a favor del sistema reactivo centralizado en `ProfileComponent` (Effects).

## [2026-01-28] - Business Analytics Implementation (GA4)
- **Analytics Service Robustez**:
  - Implementación de `AnalyticsService` desacoplado y seguro para SSR (`isPlatformBrowser`).
  - Definición de eventos de negocio tipados: `track_cv_download`, `track_tech_interaction`, `track_external_link`.
  - Integración reactiva con `ProfileStore` mediante `Angular Effects` para el tracking automático de cambio de vistas.
- **Configuración de Aplicación**:
  - Uso de `APP_INITIALIZER` en `app.config.ts` para garantizar la carga temprana del script de GA4.
  - Tracking manual de vistas (`page_view`) sincronizado con eventos del Router para SPAs.

## [2026-01-28] - Mobile Optimization & UX Polish
- **Jerarquía Mobile**:
  - Re-ordenamiento estratégico de cards en móviles: Cloud & Data (1º), Architecture (2º).
  - Uso de `auto-rows: min-content` para eliminar espacios en blanco.
- **Mejoras de Legibilidad**:
  - Ajuste de contraste en `:hover` de Bento Cards (título blanco con sombra profunda).
  - Reducción de opacidad en gradientes de fondo (0.1) para evitar interferencia con el texto.
- **Eliminación de Redundancia**:
  - Remoción del botón duplicado "Ver Diseño Visual" en la sección de arquitectura.
- **Visuales de Impacto**:
  - Inclusión de badge "Most Viewed / Critical Logic" en el snippet de pipeline de datos.
  - Cierre de huecos visuales en desktop mediante alineación de alturas y expansión de columnas.

## [2026-01-28] - Strategic Micro-Copy Refactor
- **Elevación de Perfil Profesional**:
  - Se reescribieron las descripciones de experiencia en `cv-data-es.json` y `cv-data-en.json` para pasar de un tono "pasivo" a uno de "alto impacto/liderazgo".
  - Enfoque en resultados de negocio: Reducción de deuda técnica, optimización de performance (95%), y arquitectura cloud a escala.

## [2026-01-28] - Polish & Architect Notes
- **Architect Notes System**:
  - Implementación de notas contextuales en la vista "Data & Architecture".
  - Mapeo de explicaciones técnicas para RxJS, AWS Pipeline y Angular Signals.
  - Botón "Copiar Concepto" con feedback visual.

## [2026-01-28] - Premium Visual Refactor & Bento Grid
- **Identidad Visual "High-Tech"**: Paleta Fondo Deep Slate (#020617) y Acento Electric Blue (#38bdf8).
- **Hero Section Redesign**: Inversión de jerarquía y KPIs destacados.
- **Tech Stack Bento Grid**: Transformación de lista a grilla asimétrica modular.

## [2026-01-28] - Reparación de Entorno de Pruebas y Store
- **Infraestructura de Tests**: Corrección de `setup-jest.ts` para Angular 18.
- **ProfileStore**: Reconstrucción completa con Angular Signals y persistencia.
- **Validación**: 38/38 tests unitarios pasando exitosamente.